2021-05-08 14:23:10,520 INFO Set uid to user 0 succeeded
2021-05-08 14:23:10,524 INFO supervisord started with pid 16
2021-05-08 14:23:11,527 INFO spawned: 'php' with pid 18
2021-05-08 14:23:13,426 INFO success: php entered RUNNING state, process has stayed up for > than 1 seconds (startsecs)
2021-05-08 14:25:53,521 INFO Set uid to user 0 succeeded
2021-05-08 14:25:53,524 INFO supervisord started with pid 16
2021-05-08 14:25:54,529 INFO spawned: 'php' with pid 18
2021-05-08 14:25:56,174 INFO success: php entered RUNNING state, process has stayed up for > than 1 seconds (startsecs)
2021-05-09 13:50:40,573 INFO Set uid to user 0 succeeded
2021-05-09 13:50:40,578 INFO supervisord started with pid 18
2021-05-09 13:50:41,582 INFO spawned: 'php' with pid 20
2021-05-09 13:50:43,509 INFO success: php entered RUNNING state, process has stayed up for > than 1 seconds (startsecs)
2021-05-10 06:48:43,699 INFO Set uid to user 0 succeeded
2021-05-10 06:48:43,710 INFO supervisord started with pid 15
2021-05-10 06:48:44,714 INFO spawned: 'php' with pid 17
2021-05-10 06:48:46,673 INFO success: php entered RUNNING state, process has stayed up for > than 1 seconds (startsecs)
2021-05-10 17:14:26,376 INFO Set uid to user 0 succeeded
2021-05-10 17:14:26,380 INFO supervisord started with pid 16
2021-05-10 17:14:27,386 INFO spawned: 'php' with pid 18
2021-05-10 17:14:29,269 INFO success: php entered RUNNING state, process has stayed up for > than 1 seconds (startsecs)
2021-05-11 04:42:31,452 INFO Set uid to user 0 succeeded
2021-05-11 04:42:31,461 INFO supervisord started with pid 19
2021-05-11 04:42:32,464 INFO spawned: 'php' with pid 21
2021-05-11 04:42:34,397 INFO success: php entered RUNNING state, process has stayed up for > than 1 seconds (startsecs)
2021-05-11 13:36:03,368 INFO Set uid to user 0 succeeded
2021-05-11 13:36:03,372 INFO supervisord started with pid 17
2021-05-11 13:36:04,377 INFO spawned: 'php' with pid 19
2021-05-11 13:36:06,340 INFO success: php entered RUNNING state, process has stayed up for > than 1 seconds (startsecs)
2021-05-15 07:48:47,552 INFO Set uid to user 0 succeeded
2021-05-15 07:48:47,557 INFO supervisord started with pid 16
2021-05-15 07:48:48,561 INFO spawned: 'php' with pid 18
2021-05-15 07:48:50,538 INFO success: php entered RUNNING state, process has stayed up for > than 1 seconds (startsecs)
2021-05-15 08:29:21,521 INFO Set uid to user 0 succeeded
2021-05-15 08:29:21,523 INFO supervisord started with pid 16
2021-05-15 08:29:22,528 INFO spawned: 'php' with pid 18
2021-05-15 08:29:24,172 INFO success: php entered RUNNING state, process has stayed up for > than 1 seconds (startsecs)
2021-05-16 13:57:58,978 INFO Set uid to user 0 succeeded
2021-05-16 13:57:58,982 INFO supervisord started with pid 16
2021-05-16 13:57:59,985 INFO spawned: 'php' with pid 18
2021-05-16 13:58:01,956 INFO success: php entered RUNNING state, process has stayed up for > than 1 seconds (startsecs)
2021-05-17 16:07:41,778 INFO Set uid to user 0 succeeded
2021-05-17 16:07:41,785 INFO supervisord started with pid 17
2021-05-17 16:07:42,788 INFO spawned: 'php' with pid 19
2021-05-17 16:07:44,782 INFO success: php entered RUNNING state, process has stayed up for > than 1 seconds (startsecs)
2021-05-17 17:05:45,417 INFO Set uid to user 0 succeeded
2021-05-17 17:05:45,439 INFO supervisord started with pid 17
2021-05-17 17:05:46,443 INFO spawned: 'php' with pid 19
2021-05-17 17:05:47,501 INFO success: php entered RUNNING state, process has stayed up for > than 1 seconds (startsecs)
2021-05-17 17:05:47,501 INFO exited: php (exit status 1; not expected)
2021-05-17 17:05:48,510 INFO spawned: 'php' with pid 20
2021-05-17 17:05:49,570 INFO success: php entered RUNNING state, process has stayed up for > than 1 seconds (startsecs)
2021-05-17 17:05:49,570 INFO exited: php (exit status 1; not expected)
2021-05-17 17:05:50,576 INFO spawned: 'php' with pid 21
2021-05-17 17:05:51,637 INFO success: php entered RUNNING state, process has stayed up for > than 1 seconds (startsecs)
2021-05-17 17:05:51,637 INFO exited: php (exit status 1; not expected)
2021-05-17 17:05:52,643 INFO spawned: 'php' with pid 22
2021-05-17 17:05:53,699 INFO success: php entered RUNNING state, process has stayed up for > than 1 seconds (startsecs)
2021-05-17 17:05:53,699 INFO exited: php (exit status 1; not expected)
2021-05-17 17:05:54,703 INFO spawned: 'php' with pid 23
2021-05-17 17:05:55,765 INFO success: php entered RUNNING state, process has stayed up for > than 1 seconds (startsecs)
2021-05-17 17:05:55,765 INFO exited: php (exit status 1; not expected)
2021-05-17 17:05:56,770 INFO spawned: 'php' with pid 24
2021-05-17 17:05:57,831 INFO success: php entered RUNNING state, process has stayed up for > than 1 seconds (startsecs)
2021-05-17 17:05:57,831 INFO exited: php (exit status 1; not expected)
2021-05-17 17:05:58,836 INFO spawned: 'php' with pid 25
2021-05-17 17:05:59,904 INFO success: php entered RUNNING state, process has stayed up for > than 1 seconds (startsecs)
2021-05-17 17:05:59,905 INFO exited: php (exit status 1; not expected)
2021-05-17 17:06:00,908 INFO spawned: 'php' with pid 26
2021-05-17 17:06:01,967 INFO success: php entered RUNNING state, process has stayed up for > than 1 seconds (startsecs)
2021-05-17 17:06:01,967 INFO exited: php (exit status 1; not expected)
2021-05-17 17:06:02,973 INFO spawned: 'php' with pid 27
2021-05-17 17:06:04,028 INFO success: php entered RUNNING state, process has stayed up for > than 1 seconds (startsecs)
2021-05-17 17:06:04,029 INFO exited: php (exit status 1; not expected)
2021-05-17 17:06:05,034 INFO spawned: 'php' with pid 28
2021-05-17 17:06:06,094 INFO success: php entered RUNNING state, process has stayed up for > than 1 seconds (startsecs)
2021-05-17 17:06:06,094 INFO exited: php (exit status 1; not expected)
2021-05-17 17:06:07,101 INFO spawned: 'php' with pid 29
2021-05-17 17:06:08,162 INFO success: php entered RUNNING state, process has stayed up for > than 1 seconds (startsecs)
2021-05-17 17:06:08,162 INFO exited: php (exit status 1; not expected)
2021-05-17 17:06:09,165 INFO spawned: 'php' with pid 30
2021-05-17 17:06:10,227 INFO success: php entered RUNNING state, process has stayed up for > than 1 seconds (startsecs)
2021-05-17 17:06:10,227 INFO exited: php (exit status 1; not expected)
2021-05-17 17:06:11,232 INFO spawned: 'php' with pid 31
2021-05-17 17:06:12,295 INFO success: php entered RUNNING state, process has stayed up for > than 1 seconds (startsecs)
2021-05-17 17:06:12,295 INFO exited: php (exit status 1; not expected)
2021-05-17 17:06:13,301 INFO spawned: 'php' with pid 32
2021-05-17 17:06:14,359 INFO success: php entered RUNNING state, process has stayed up for > than 1 seconds (startsecs)
2021-05-17 17:06:14,359 INFO exited: php (exit status 1; not expected)
2021-05-17 17:06:15,364 INFO spawned: 'php' with pid 33
2021-05-17 17:06:16,427 INFO success: php entered RUNNING state, process has stayed up for > than 1 seconds (startsecs)
2021-05-17 17:06:16,427 INFO exited: php (exit status 1; not expected)
2021-05-17 17:06:17,431 INFO spawned: 'php' with pid 34
2021-05-17 17:06:18,519 INFO success: php entered RUNNING state, process has stayed up for > than 1 seconds (startsecs)
2021-05-17 17:06:18,519 INFO exited: php (exit status 1; not expected)
2021-05-17 17:06:19,525 INFO spawned: 'php' with pid 35
2021-05-17 17:06:20,581 INFO success: php entered RUNNING state, process has stayed up for > than 1 seconds (startsecs)
2021-05-17 17:06:20,581 INFO exited: php (exit status 1; not expected)
2021-05-17 17:06:21,586 INFO spawned: 'php' with pid 36
2021-05-17 17:06:22,644 INFO success: php entered RUNNING state, process has stayed up for > than 1 seconds (startsecs)
2021-05-17 17:06:22,644 INFO exited: php (exit status 1; not expected)
2021-05-17 17:06:23,649 INFO spawned: 'php' with pid 37
2021-05-17 17:06:24,706 INFO success: php entered RUNNING state, process has stayed up for > than 1 seconds (startsecs)
2021-05-17 17:06:24,706 INFO exited: php (exit status 1; not expected)
2021-05-17 17:06:25,712 INFO spawned: 'php' with pid 38
2021-05-17 17:06:26,767 INFO success: php entered RUNNING state, process has stayed up for > than 1 seconds (startsecs)
2021-05-17 17:06:26,767 INFO exited: php (exit status 1; not expected)
2021-05-17 17:06:42,260 INFO Set uid to user 0 succeeded
2021-05-17 17:06:42,264 INFO supervisord started with pid 16
2021-05-17 17:06:43,269 INFO spawned: 'php' with pid 18
2021-05-17 17:06:44,944 INFO success: php entered RUNNING state, process has stayed up for > than 1 seconds (startsecs)
